This file contains any messages produced by compilers while
running configure, to aid debugging if configure makes a mistake.

It was created by Xnp2 configure 0.83-20140607, which was
generated by GNU Autoconf 2.71.  Invocation command line was

  $ ./configure

## --------- ##
## Platform. ##
## --------- ##

hostname = peter-nitro
uname -m = x86_64
uname -r = 5.15.0-83-generic
uname -s = Linux
uname -v = #92-Ubuntu SMP Mon Aug 14 09:30:42 UTC 2023

/usr/bin/uname -p = x86_64
/bin/uname -X     = unknown

/bin/arch              = x86_64
/usr/bin/arch -k       = unknown
/usr/convex/getsysinfo = unknown
/usr/bin/hostinfo      = unknown
/bin/machine           = unknown
/usr/bin/oslevel       = unknown
/bin/universe          = unknown

PATH: /home/peter/gems/bin/
PATH: /home/peter/.nvm/versions/node/v18.16.0/bin/
PATH: /home/peter/gems/bin/
PATH: /home/peter/.cargo/bin/
PATH: /home/peter/.local/bin/
PATH: /usr/local/sbin/
PATH: /usr/local/bin/
PATH: /usr/sbin/
PATH: /usr/bin/
PATH: /sbin/
PATH: /bin/
PATH: /usr/games/
PATH: /usr/local/games/
PATH: /snap/bin/
PATH: /home/peter/.dotnet/tools/


## ----------- ##
## Core tests. ##
## ----------- ##

configure:2515: looking for aux files: compile config.guess config.sub missing install-sh
configure:2528:  trying ./
configure:2557:   ./compile found
configure:2557:   ./config.guess found
configure:2557:   ./config.sub found
configure:2557:   ./missing found
configure:2539:   ./install-sh found
configure:2686: checking for a BSD-compatible install
configure:2759: result: /usr/bin/install -c
configure:2770: checking whether build environment is sane
configure:2825: result: yes
configure:2984: checking for a race-free mkdir -p
configure:3028: result: /usr/bin/mkdir -p
configure:3035: checking for gawk
configure:3056: found /usr/bin/gawk
configure:3067: result: gawk
configure:3078: checking whether make sets $(MAKE)
configure:3101: result: yes
configure:3131: checking whether make supports nested variables
configure:3149: result: yes
configure:3289: checking build system type
configure:3304: result: x86_64-pc-linux-gnu
configure:3324: checking host system type
configure:3338: result: x86_64-pc-linux-gnu
configure:3421: checking for gcc
configure:3442: found /usr/bin/gcc
configure:3453: result: gcc
configure:3806: checking for C compiler version
configure:3815: gcc --version >&5
gcc (Ubuntu 11.4.0-1ubuntu1~22.04) 11.4.0
Copyright (C) 2021 Free Software Foundation, Inc.
This is free software; see the source for copying conditions.  There is NO
warranty; not even for MERCHANTABILITY or FITNESS FOR A PARTICULAR PURPOSE.

configure:3826: $? = 0
configure:3815: gcc -v >&5
Using built-in specs.
COLLECT_GCC=gcc
COLLECT_LTO_WRAPPER=/usr/lib/gcc/x86_64-linux-gnu/11/lto-wrapper
OFFLOAD_TARGET_NAMES=nvptx-none:amdgcn-amdhsa
OFFLOAD_TARGET_DEFAULT=1
Target: x86_64-linux-gnu
Configured with: ../src/configure -v --with-pkgversion='Ubuntu 11.4.0-1ubuntu1~22.04' --with-bugurl=file:///usr/share/doc/gcc-11/README.Bugs --enable-languages=c,ada,c++,go,brig,d,fortran,objc,obj-c++,m2 --prefix=/usr --with-gcc-major-version-only --program-suffix=-11 --program-prefix=x86_64-linux-gnu- --enable-shared --enable-linker-build-id --libexecdir=/usr/lib --without-included-gettext --enable-threads=posix --libdir=/usr/lib --enable-nls --enable-bootstrap --enable-clocale=gnu --enable-libstdcxx-debug --enable-libstdcxx-time=yes --with-default-libstdcxx-abi=new --enable-gnu-unique-object --disable-vtable-verify --enable-plugin --enable-default-pie --with-system-zlib --enable-libphobos-checking=release --with-target-system-zlib=auto --enable-objc-gc=auto --enable-multiarch --disable-werror --enable-cet --with-arch-32=i686 --with-abi=m64 --with-multilib-list=m32,m64,mx32 --enable-multilib --with-tune=generic --enable-offload-targets=nvptx-none=/build/gcc-11-XeT9lY/gcc-11-11.4.0/debian/tmp-nvptx/usr,amdgcn-amdhsa=/build/gcc-11-XeT9lY/gcc-11-11.4.0/debian/tmp-gcn/usr --without-cuda-driver --enable-checking=release --build=x86_64-linux-gnu --host=x86_64-linux-gnu --target=x86_64-linux-gnu --with-build-config=bootstrap-lto-lean --enable-link-serialization=2
Thread model: posix
Supported LTO compression algorithms: zlib zstd
gcc version 11.4.0 (Ubuntu 11.4.0-1ubuntu1~22.04) 
... rest of stderr output deleted ...
configure:3826: $? = 0
configure:3815: gcc -V >&5
gcc: error: unrecognized command-line option '-V'
gcc: fatal error: no input files
compilation terminated.
configure:3826: $? = 1
configure:3815: gcc -qversion >&5
gcc: error: unrecognized command-line option '-qversion'; did you mean '--version'?
gcc: fatal error: no input files
compilation terminated.
configure:3826: $? = 1
configure:3815: gcc -version >&5
gcc: error: unrecognized command-line option '-version'
gcc: fatal error: no input files
compilation terminated.
configure:3826: $? = 1
configure:3846: checking whether the C compiler works
configure:3868: gcc    conftest.c  >&5
configure:3872: $? = 0
configure:3922: result: yes
configure:3925: checking for C compiler default output file name
configure:3927: result: a.out
configure:3933: checking for suffix of executables
configure:3940: gcc -o conftest    conftest.c  >&5
configure:3944: $? = 0
configure:3967: result: 
configure:3989: checking whether we are cross compiling
configure:3997: gcc -o conftest    conftest.c  >&5
configure:4001: $? = 0
configure:4008: ./conftest
configure:4012: $? = 0
configure:4027: result: no
configure:4032: checking for suffix of object files
configure:4055: gcc -c   conftest.c >&5
configure:4059: $? = 0
configure:4081: result: o
configure:4085: checking whether the compiler supports GNU C
configure:4105: gcc -c   conftest.c >&5
configure:4105: $? = 0
configure:4115: result: yes
configure:4126: checking whether gcc accepts -g
configure:4147: gcc -c -g  conftest.c >&5
configure:4147: $? = 0
configure:4191: result: yes
configure:4211: checking for gcc option to enable C11 features
configure:4226: gcc  -c -g -O2  conftest.c >&5
configure:4226: $? = 0
configure:4244: result: none needed
configure:4360: checking whether gcc understands -c and -o together
configure:4383: gcc -c conftest.c -o conftest2.o
configure:4386: $? = 0
configure:4383: gcc -c conftest.c -o conftest2.o
configure:4386: $? = 0
configure:4398: result: yes
configure:4418: checking whether make supports the include directive
configure:4433: make -f confmf.GNU && cat confinc.out
this is the am__doit target
configure:4436: $? = 0
configure:4455: result: yes (GNU style)
configure:4481: checking dependency style of gcc
configure:4593: result: none
configure:4615: checking how to run the C preprocessor
configure:4641: gcc -E  conftest.c
configure:4641: $? = 0
configure:4656: gcc -E  conftest.c
conftest.c:9:10: fatal error: ac_nonexistent.h: No such file or directory
    9 | #include <ac_nonexistent.h>
      |          ^~~~~~~~~~~~~~~~~~
compilation terminated.
configure:4656: $? = 1
configure: failed program was:
| /* confdefs.h */
| #define PACKAGE_NAME "Xnp2"
| #define PACKAGE_TARNAME "xnp2"
| #define PACKAGE_VERSION "0.83-20140607"
| #define PACKAGE_STRING "Xnp2 0.83-20140607"
| #define PACKAGE_BUGREPORT "nonakap@gmail.com"
| #define PACKAGE_URL ""
| /* end confdefs.h.  */
| #include <ac_nonexistent.h>
configure:4683: result: gcc -E
configure:4697: gcc -E  conftest.c
configure:4697: $? = 0
configure:4712: gcc -E  conftest.c
conftest.c:9:10: fatal error: ac_nonexistent.h: No such file or directory
    9 | #include <ac_nonexistent.h>
      |          ^~~~~~~~~~~~~~~~~~
compilation terminated.
configure:4712: $? = 1
configure: failed program was:
| /* confdefs.h */
| #define PACKAGE_NAME "Xnp2"
| #define PACKAGE_TARNAME "xnp2"
| #define PACKAGE_VERSION "0.83-20140607"
| #define PACKAGE_STRING "Xnp2 0.83-20140607"
| #define PACKAGE_BUGREPORT "nonakap@gmail.com"
| #define PACKAGE_URL ""
| /* end confdefs.h.  */
| #include <ac_nonexistent.h>
configure:4743: checking for grep that handles long lines and -e
configure:4807: result: /usr/bin/grep
configure:4812: checking for egrep
configure:4880: result: /usr/bin/grep -E
configure:4886: checking whether gcc needs -traditional
configure:4923: result: no
configure:4978: checking for ranlib
configure:4999: found /usr/bin/ranlib
configure:5010: result: ranlib
configure:5033: checking whether ln -s works
configure:5037: result: yes
configure:5049: checking for stdio.h
configure:5049: gcc -c -g -O2  conftest.c >&5
configure:5049: $? = 0
configure:5049: result: yes
configure:5049: checking for stdlib.h
configure:5049: gcc -c -g -O2  conftest.c >&5
configure:5049: $? = 0
configure:5049: result: yes
configure:5049: checking for string.h
configure:5049: gcc -c -g -O2  conftest.c >&5
configure:5049: $? = 0
configure:5049: result: yes
configure:5049: checking for inttypes.h
configure:5049: gcc -c -g -O2  conftest.c >&5
configure:5049: $? = 0
configure:5049: result: yes
configure:5049: checking for stdint.h
configure:5049: gcc -c -g -O2  conftest.c >&5
configure:5049: $? = 0
configure:5049: result: yes
configure:5049: checking for strings.h
configure:5049: gcc -c -g -O2  conftest.c >&5
configure:5049: $? = 0
configure:5049: result: yes
configure:5049: checking for sys/stat.h
configure:5049: gcc -c -g -O2  conftest.c >&5
configure:5049: $? = 0
configure:5049: result: yes
configure:5049: checking for sys/types.h
configure:5049: gcc -c -g -O2  conftest.c >&5
configure:5049: $? = 0
configure:5049: result: yes
configure:5049: checking for unistd.h
configure:5049: gcc -c -g -O2  conftest.c >&5
configure:5049: $? = 0
configure:5049: result: yes
configure:5049: checking for sys/time.h
configure:5049: gcc -c -g -O2  conftest.c >&5
configure:5049: $? = 0
configure:5049: result: yes
configure:5077: checking for egrep
configure:5145: result: /usr/bin/grep -E
configure:5154: checking for dirent.h that defines DIR
configure:5174: gcc -c -g -O2  conftest.c >&5
configure:5174: $? = 0
configure:5183: result: yes
configure:5197: checking for library containing opendir
configure:5227: gcc -o conftest -g -O2   conftest.c  >&5
configure:5227: $? = 0
configure:5247: result: none required
configure:5321: checking for egrep
configure:5389: result: /usr/bin/grep -E
configure:5395: checking for fcntl.h
configure:5395: gcc -c -g -O2  conftest.c >&5
configure:5395: $? = 0
configure:5395: result: yes
configure:5401: checking for limits.h
configure:5401: gcc -c -g -O2  conftest.c >&5
configure:5401: $? = 0
configure:5401: result: yes
configure:5407: checking for malloc.h
configure:5407: gcc -c -g -O2  conftest.c >&5
configure:5407: $? = 0
configure:5407: result: yes
configure:5413: checking for stddef.h
configure:5413: gcc -c -g -O2  conftest.c >&5
configure:5413: $? = 0
configure:5413: result: yes
configure:5419: checking for stdlib.h
configure:5419: result: yes
configure:5425: checking for string.h
configure:5425: result: yes
configure:5431: checking for sys/ioctl.h
configure:5431: gcc -c -g -O2  conftest.c >&5
configure:5431: $? = 0
configure:5431: result: yes
configure:5437: checking for sys/param.h
configure:5437: gcc -c -g -O2  conftest.c >&5
configure:5437: $? = 0
configure:5437: result: yes
configure:5443: checking for sys/socket.h
configure:5443: gcc -c -g -O2  conftest.c >&5
configure:5443: $? = 0
configure:5443: result: yes
configure:5449: checking for sys/time.h
configure:5449: result: yes
configure:5455: checking for termios.h
configure:5455: gcc -c -g -O2  conftest.c >&5
configure:5455: $? = 0
configure:5455: result: yes
configure:5461: checking for unistd.h
configure:5461: result: yes
configure:5469: checking whether byte ordering is bigendian
configure:5485: gcc -c -g -O2  conftest.c >&5
conftest.c:34:16: error: unknown type name 'not'
   34 |                not a universal capable compiler
      |                ^~~
conftest.c:34:22: error: expected '=', ',', ';', 'asm' or '__attribute__' before 'universal'
   34 |                not a universal capable compiler
      |                      ^~~~~~~~~
conftest.c:34:22: error: unknown type name 'universal'
configure:5485: $? = 1
configure: failed program was:
| /* confdefs.h */
| #define PACKAGE_NAME "Xnp2"
| #define PACKAGE_TARNAME "xnp2"
| #define PACKAGE_VERSION "0.83-20140607"
| #define PACKAGE_STRING "Xnp2 0.83-20140607"
| #define PACKAGE_BUGREPORT "nonakap@gmail.com"
| #define PACKAGE_URL ""
| #define HAVE_STDIO_H 1
| #define HAVE_STDLIB_H 1
| #define HAVE_STRING_H 1
| #define HAVE_INTTYPES_H 1
| #define HAVE_STDINT_H 1
| #define HAVE_STRINGS_H 1
| #define HAVE_SYS_STAT_H 1
| #define HAVE_SYS_TYPES_H 1
| #define HAVE_UNISTD_H 1
| #define HAVE_SYS_TIME_H 1
| #define STDC_HEADERS 1
| #define HAVE_DIRENT_H 1
| #define HAVE_FCNTL_H 1
| #define HAVE_LIMITS_H 1
| #define HAVE_MALLOC_H 1
| #define HAVE_STDDEF_H 1
| #define HAVE_STDLIB_H 1
| #define HAVE_STRING_H 1
| #define HAVE_SYS_IOCTL_H 1
| #define HAVE_SYS_PARAM_H 1
| #define HAVE_SYS_SOCKET_H 1
| #define HAVE_SYS_TIME_H 1
| #define HAVE_TERMIOS_H 1
| #define HAVE_UNISTD_H 1
| /* end confdefs.h.  */
| #ifndef __APPLE_CC__
| 	       not a universal capable compiler
| 	     #endif
| 	     typedef int dummy;
| 
configure:5531: gcc -c -g -O2  conftest.c >&5
configure:5531: $? = 0
configure:5550: gcc -c -g -O2  conftest.c >&5
conftest.c: In function 'main':
conftest.c:40:18: error: unknown type name 'not'; did you mean 'ino_t'?
   40 |                  not big endian
      |                  ^~~
      |                  ino_t
conftest.c:40:26: error: expected '=', ',', ';', 'asm' or '__attribute__' before 'endian'
   40 |                  not big endian
      |                          ^~~~~~
configure:5550: $? = 1
configure: failed program was:
| /* confdefs.h */
| #define PACKAGE_NAME "Xnp2"
| #define PACKAGE_TARNAME "xnp2"
| #define PACKAGE_VERSION "0.83-20140607"
| #define PACKAGE_STRING "Xnp2 0.83-20140607"
| #define PACKAGE_BUGREPORT "nonakap@gmail.com"
| #define PACKAGE_URL ""
| #define HAVE_STDIO_H 1
| #define HAVE_STDLIB_H 1
| #define HAVE_STRING_H 1
| #define HAVE_INTTYPES_H 1
| #define HAVE_STDINT_H 1
| #define HAVE_STRINGS_H 1
| #define HAVE_SYS_STAT_H 1
| #define HAVE_SYS_TYPES_H 1
| #define HAVE_UNISTD_H 1
| #define HAVE_SYS_TIME_H 1
| #define STDC_HEADERS 1
| #define HAVE_DIRENT_H 1
| #define HAVE_FCNTL_H 1
| #define HAVE_LIMITS_H 1
| #define HAVE_MALLOC_H 1
| #define HAVE_STDDEF_H 1
| #define HAVE_STDLIB_H 1
| #define HAVE_STRING_H 1
| #define HAVE_SYS_IOCTL_H 1
| #define HAVE_SYS_PARAM_H 1
| #define HAVE_SYS_SOCKET_H 1
| #define HAVE_SYS_TIME_H 1
| #define HAVE_TERMIOS_H 1
| #define HAVE_UNISTD_H 1
| /* end confdefs.h.  */
| #include <sys/types.h>
| 		#include <sys/param.h>
| 
| int
| main (void)
| {
| #if BYTE_ORDER != BIG_ENDIAN
| 		 not big endian
| 		#endif
| 
|   ;
|   return 0;
| }
configure:5684: result: no
configure:5702: checking for an ANSI C-conforming const
configure:5769: gcc -c -g -O2  conftest.c >&5
configure:5769: $? = 0
configure:5777: result: yes
configure:5785: checking for inline
configure:5802: gcc -c -g -O2  conftest.c >&5
configure:5802: $? = 0
configure:5811: result: inline
configure:5829: checking for size_t
configure:5829: gcc -c -g -O2  conftest.c >&5
configure:5829: $? = 0
configure:5829: gcc -c -g -O2  conftest.c >&5
conftest.c: In function 'main':
conftest.c:64:21: error: expected expression before ')' token
   64 | if (sizeof ((size_t)))
      |                     ^
configure:5829: $? = 1
configure: failed program was:
| /* confdefs.h */
| #define PACKAGE_NAME "Xnp2"
| #define PACKAGE_TARNAME "xnp2"
| #define PACKAGE_VERSION "0.83-20140607"
| #define PACKAGE_STRING "Xnp2 0.83-20140607"
| #define PACKAGE_BUGREPORT "nonakap@gmail.com"
| #define PACKAGE_URL ""
| #define HAVE_STDIO_H 1
| #define HAVE_STDLIB_H 1
| #define HAVE_STRING_H 1
| #define HAVE_INTTYPES_H 1
| #define HAVE_STDINT_H 1
| #define HAVE_STRINGS_H 1
| #define HAVE_SYS_STAT_H 1
| #define HAVE_SYS_TYPES_H 1
| #define HAVE_UNISTD_H 1
| #define HAVE_SYS_TIME_H 1
| #define STDC_HEADERS 1
| #define HAVE_DIRENT_H 1
| #define HAVE_FCNTL_H 1
| #define HAVE_LIMITS_H 1
| #define HAVE_MALLOC_H 1
| #define HAVE_STDDEF_H 1
| #define HAVE_STDLIB_H 1
| #define HAVE_STRING_H 1
| #define HAVE_SYS_IOCTL_H 1
| #define HAVE_SYS_PARAM_H 1
| #define HAVE_SYS_SOCKET_H 1
| #define HAVE_SYS_TIME_H 1
| #define HAVE_TERMIOS_H 1
| #define HAVE_UNISTD_H 1
| /* end confdefs.h.  */
| #include <stddef.h>
| #ifdef HAVE_STDIO_H
| # include <stdio.h>
| #endif
| #ifdef HAVE_STDLIB_H
| # include <stdlib.h>
| #endif
| #ifdef HAVE_STRING_H
| # include <string.h>
| #endif
| #ifdef HAVE_INTTYPES_H
| # include <inttypes.h>
| #endif
| #ifdef HAVE_STDINT_H
| # include <stdint.h>
| #endif
| #ifdef HAVE_STRINGS_H
| # include <strings.h>
| #endif
| #ifdef HAVE_SYS_TYPES_H
| # include <sys/types.h>
| #endif
| #ifdef HAVE_SYS_STAT_H
| # include <sys/stat.h>
| #endif
| #ifdef HAVE_UNISTD_H
| # include <unistd.h>
| #endif
| int
| main (void)
| {
| if (sizeof ((size_t)))
| 	    return 0;
|   ;
|   return 0;
| }
configure:5829: result: yes
configure:5839: checking for ssize_t
configure:5839: gcc -c -g -O2  conftest.c >&5
configure:5839: $? = 0
configure:5839: gcc -c -g -O2  conftest.c >&5
conftest.c: In function 'main':
conftest.c:64:22: error: expected expression before ')' token
   64 | if (sizeof ((ssize_t)))
      |                      ^
configure:5839: $? = 1
configure: failed program was:
| /* confdefs.h */
| #define PACKAGE_NAME "Xnp2"
| #define PACKAGE_TARNAME "xnp2"
| #define PACKAGE_VERSION "0.83-20140607"
| #define PACKAGE_STRING "Xnp2 0.83-20140607"
| #define PACKAGE_BUGREPORT "nonakap@gmail.com"
| #define PACKAGE_URL ""
| #define HAVE_STDIO_H 1
| #define HAVE_STDLIB_H 1
| #define HAVE_STRING_H 1
| #define HAVE_INTTYPES_H 1
| #define HAVE_STDINT_H 1
| #define HAVE_STRINGS_H 1
| #define HAVE_SYS_STAT_H 1
| #define HAVE_SYS_TYPES_H 1
| #define HAVE_UNISTD_H 1
| #define HAVE_SYS_TIME_H 1
| #define STDC_HEADERS 1
| #define HAVE_DIRENT_H 1
| #define HAVE_FCNTL_H 1
| #define HAVE_LIMITS_H 1
| #define HAVE_MALLOC_H 1
| #define HAVE_STDDEF_H 1
| #define HAVE_STDLIB_H 1
| #define HAVE_STRING_H 1
| #define HAVE_SYS_IOCTL_H 1
| #define HAVE_SYS_PARAM_H 1
| #define HAVE_SYS_SOCKET_H 1
| #define HAVE_SYS_TIME_H 1
| #define HAVE_TERMIOS_H 1
| #define HAVE_UNISTD_H 1
| /* end confdefs.h.  */
| #include <stddef.h>
| #ifdef HAVE_STDIO_H
| # include <stdio.h>
| #endif
| #ifdef HAVE_STDLIB_H
| # include <stdlib.h>
| #endif
| #ifdef HAVE_STRING_H
| # include <string.h>
| #endif
| #ifdef HAVE_INTTYPES_H
| # include <inttypes.h>
| #endif
| #ifdef HAVE_STDINT_H
| # include <stdint.h>
| #endif
| #ifdef HAVE_STRINGS_H
| # include <strings.h>
| #endif
| #ifdef HAVE_SYS_TYPES_H
| # include <sys/types.h>
| #endif
| #ifdef HAVE_SYS_STAT_H
| # include <sys/stat.h>
| #endif
| #ifdef HAVE_UNISTD_H
| # include <unistd.h>
| #endif
| int
| main (void)
| {
| if (sizeof ((ssize_t)))
| 	    return 0;
|   ;
|   return 0;
| }
configure:5839: result: yes
configure:5859: checking whether struct tm is in sys/time.h or time.h
configure:5880: gcc -c -g -O2  conftest.c >&5
configure:5880: $? = 0
configure:5888: result: time.h
configure:5896: checking for working volatile
configure:5916: gcc -c -g -O2  conftest.c >&5
configure:5916: $? = 0
configure:5924: result: yes
configure:5932: checking for ptrdiff_t
configure:5932: gcc -c -g -O2  conftest.c >&5
configure:5932: $? = 0
configure:5932: gcc -c -g -O2  conftest.c >&5
conftest.c: In function 'main':
conftest.c:65:24: error: expected expression before ')' token
   65 | if (sizeof ((ptrdiff_t)))
      |                        ^
configure:5932: $? = 1
configure: failed program was:
| /* confdefs.h */
| #define PACKAGE_NAME "Xnp2"
| #define PACKAGE_TARNAME "xnp2"
| #define PACKAGE_VERSION "0.83-20140607"
| #define PACKAGE_STRING "Xnp2 0.83-20140607"
| #define PACKAGE_BUGREPORT "nonakap@gmail.com"
| #define PACKAGE_URL ""
| #define HAVE_STDIO_H 1
| #define HAVE_STDLIB_H 1
| #define HAVE_STRING_H 1
| #define HAVE_INTTYPES_H 1
| #define HAVE_STDINT_H 1
| #define HAVE_STRINGS_H 1
| #define HAVE_SYS_STAT_H 1
| #define HAVE_SYS_TYPES_H 1
| #define HAVE_UNISTD_H 1
| #define HAVE_SYS_TIME_H 1
| #define STDC_HEADERS 1
| #define HAVE_DIRENT_H 1
| #define HAVE_FCNTL_H 1
| #define HAVE_LIMITS_H 1
| #define HAVE_MALLOC_H 1
| #define HAVE_STDDEF_H 1
| #define HAVE_STDLIB_H 1
| #define HAVE_STRING_H 1
| #define HAVE_SYS_IOCTL_H 1
| #define HAVE_SYS_PARAM_H 1
| #define HAVE_SYS_SOCKET_H 1
| #define HAVE_SYS_TIME_H 1
| #define HAVE_TERMIOS_H 1
| #define HAVE_UNISTD_H 1
| #define TIME_WITH_SYS_TIME 1
| /* end confdefs.h.  */
| #include <stddef.h>
| #ifdef HAVE_STDIO_H
| # include <stdio.h>
| #endif
| #ifdef HAVE_STDLIB_H
| # include <stdlib.h>
| #endif
| #ifdef HAVE_STRING_H
| # include <string.h>
| #endif
| #ifdef HAVE_INTTYPES_H
| # include <inttypes.h>
| #endif
| #ifdef HAVE_STDINT_H
| # include <stdint.h>
| #endif
| #ifdef HAVE_STRINGS_H
| # include <strings.h>
| #endif
| #ifdef HAVE_SYS_TYPES_H
| # include <sys/types.h>
| #endif
| #ifdef HAVE_SYS_STAT_H
| # include <sys/stat.h>
| #endif
| #ifdef HAVE_UNISTD_H
| # include <unistd.h>
| #endif
| int
| main (void)
| {
| if (sizeof ((ptrdiff_t)))
| 	    return 0;
|   ;
|   return 0;
| }
configure:5932: result: yes
configure:5949: checking for special C compiler options needed for large files
configure:5997: result: no
configure:6003: checking for _FILE_OFFSET_BITS value needed for large files
configure:6029: gcc -c -g -O2  conftest.c >&5
configure:6029: $? = 0
configure:6063: result: no
configure:6145: checking whether char is unsigned
configure:6165: gcc -c -g -O2  conftest.c >&5
configure:6165: $? = 0
configure:6173: result: no
configure:6190: checking whether closedir returns void
configure:6211: gcc -c -g -O2  conftest.c >&5
conftest.c: In function 'main':
conftest.c:42:10: warning: argument 1 null where non-null expected [-Wnonnull]
   42 |   return closedir(0);
      |          ^~~~~~~~
In file included from conftest.c:36:
/usr/include/dirent.h:149:12: note: in a call to function 'closedir' declared 'nonnull'
  149 | extern int closedir (DIR *__dirp) __nonnull ((1));
      |            ^~~~~~~~
configure:6211: $? = 0
configure:6219: result: no
configure:6227: checking for GNU libc compatible malloc
configure:6259: gcc -o conftest -g -O2   conftest.c  >&5
configure:6259: $? = 0
configure:6259: ./conftest
configure:6259: $? = 0
configure:6270: result: yes
configure:6292: checking for working memcmp
configure:6337: gcc -o conftest -g -O2   conftest.c  >&5
configure:6337: $? = 0
configure:6337: ./conftest
configure:6337: $? = 0
configure:6348: result: yes
configure:6357: checking whether lstat correctly handles trailing slash
configure:6390: gcc -o conftest -g -O2   conftest.c  >&5
configure:6390: $? = 0
configure:6390: ./conftest
configure:6390: $? = 0
configure:6408: result: yes
configure:6425: checking whether stat accepts an empty string
configure:6447: gcc -o conftest -g -O2   conftest.c  >&5
configure:6447: $? = 0
configure:6447: ./conftest
configure:6447: $? = 0
configure:6458: result: no
configure:6476: checking for vprintf
configure:6476: gcc -o conftest -g -O2   conftest.c  >&5
conftest.c:53:6: warning: conflicting types for built-in function 'vprintf'; expected 'int(const char *, __va_list_tag *)' [-Wbuiltin-declaration-mismatch]
   53 | char vprintf ();
      |      ^~~~~~~
conftest.c:45:1: note: 'vprintf' is declared in header '<stdio.h>'
   44 | #include <limits.h>
   45 | #undef vprintf
configure:6476: $? = 0
configure:6476: result: yes
configure:6497: checking for gettimeofday
configure:6497: gcc -o conftest -g -O2   conftest.c  >&5
configure:6497: $? = 0
configure:6497: result: yes
configure:6503: checking for memset
configure:6503: gcc -o conftest -g -O2   conftest.c  >&5
conftest.c:55:6: warning: conflicting types for built-in function 'memset'; expected 'void *(void *, int,  long unsigned int)' [-Wbuiltin-declaration-mismatch]
   55 | char memset ();
      |      ^~~~~~
conftest.c:47:1: note: 'memset' is declared in header '<string.h>'
   46 | #include <limits.h>
   47 | #undef memset
configure:6503: $? = 0
configure:6503: result: yes
configure:6509: checking for mkdir
configure:6509: gcc -o conftest -g -O2   conftest.c  >&5
configure:6509: $? = 0
configure:6509: result: yes
configure:6515: checking for strcasecmp
configure:6515: gcc -o conftest -g -O2   conftest.c  >&5
conftest.c:57:6: warning: conflicting types for built-in function 'strcasecmp'; expected 'int(const char *, const char *)' [-Wbuiltin-declaration-mismatch]
   57 | char strcasecmp ();
      |      ^~~~~~~~~~
configure:6515: $? = 0
configure:6515: result: yes
configure:6521: checking for strdup
configure:6521: gcc -o conftest -g -O2   conftest.c  >&5
conftest.c:58:6: warning: conflicting types for built-in function 'strdup'; expected 'char *(const char *)' [-Wbuiltin-declaration-mismatch]
   58 | char strdup ();
      |      ^~~~~~
configure:6521: $? = 0
configure:6521: result: yes
configure:6527: checking for strerror
configure:6527: gcc -o conftest -g -O2   conftest.c  >&5
configure:6527: $? = 0
configure:6527: result: yes
configure:6533: checking for strtol
configure:6533: gcc -o conftest -g -O2   conftest.c  >&5
configure:6533: $? = 0
configure:6533: result: yes
configure:6544: checking for floor
configure:6544: gcc -o conftest -g -O2   conftest.c  >&5
conftest.c:61:6: warning: conflicting types for built-in function 'floor'; expected 'double(double)' [-Wbuiltin-declaration-mismatch]
   61 | char floor ();
      |      ^~~~~
conftest.c:53:1: note: 'floor' is declared in header '<math.h>'
   52 | #include <limits.h>
   53 | #undef floor
/usr/bin/ld: /tmp/ccaONI5S.o: in function `main':
/home/peter/Documentos/xnp2/x11/conftest.c:72: undefined reference to `floor'
collect2: error: ld returned 1 exit status
configure:6544: $? = 1
configure: failed program was:
| /* confdefs.h */
| #define PACKAGE_NAME "Xnp2"
| #define PACKAGE_TARNAME "xnp2"
| #define PACKAGE_VERSION "0.83-20140607"
| #define PACKAGE_STRING "Xnp2 0.83-20140607"
| #define PACKAGE_BUGREPORT "nonakap@gmail.com"
| #define PACKAGE_URL ""
| #define HAVE_STDIO_H 1
| #define HAVE_STDLIB_H 1
| #define HAVE_STRING_H 1
| #define HAVE_INTTYPES_H 1
| #define HAVE_STDINT_H 1
| #define HAVE_STRINGS_H 1
| #define HAVE_SYS_STAT_H 1
| #define HAVE_SYS_TYPES_H 1
| #define HAVE_UNISTD_H 1
| #define HAVE_SYS_TIME_H 1
| #define STDC_HEADERS 1
| #define HAVE_DIRENT_H 1
| #define HAVE_FCNTL_H 1
| #define HAVE_LIMITS_H 1
| #define HAVE_MALLOC_H 1
| #define HAVE_STDDEF_H 1
| #define HAVE_STDLIB_H 1
| #define HAVE_STRING_H 1
| #define HAVE_SYS_IOCTL_H 1
| #define HAVE_SYS_PARAM_H 1
| #define HAVE_SYS_SOCKET_H 1
| #define HAVE_SYS_TIME_H 1
| #define HAVE_TERMIOS_H 1
| #define HAVE_UNISTD_H 1
| #define TIME_WITH_SYS_TIME 1
| #define HAVE_PTRDIFF_T 1
| #define HAVE_MALLOC 1
| #define LSTAT_FOLLOWS_SLASHED_SYMLINK 1
| #define HAVE_VPRINTF 1
| #define HAVE_GETTIMEOFDAY 1
| #define HAVE_MEMSET 1
| #define HAVE_MKDIR 1
| #define HAVE_STRCASECMP 1
| #define HAVE_STRDUP 1
| #define HAVE_STRERROR 1
| #define HAVE_STRTOL 1
| /* end confdefs.h.  */
| /* Define floor to an innocuous variant, in case <limits.h> declares floor.
|    For example, HP-UX 11i <limits.h> declares gettimeofday.  */
| #define floor innocuous_floor
| 
| /* System header to define __stub macros and hopefully few prototypes,
|    which can conflict with char floor (); below.  */
| 
| #include <limits.h>
| #undef floor
| 
| /* Override any GCC internal prototype to avoid an error.
|    Use char because int might match the return type of a GCC
|    builtin and then its argument prototype would still apply.  */
| #ifdef __cplusplus
| extern "C"
| #endif
| char floor ();
| /* The GNU C library defines this for functions which it implements
|     to always fail with ENOSYS.  Some functions are actually named
|     something starting with __ and the normal name is an alias.  */
| #if defined __stub_floor || defined __stub___floor
| choke me
| #endif
| 
| int
| main (void)
| {
| return floor ();
|   ;
|   return 0;
| }
configure:6544: result: no
configure:6550: checking for floor in -lm
configure:6573: gcc -o conftest -g -O2   conftest.c -lm   >&5
conftest.c:49:6: warning: conflicting types for built-in function 'floor'; expected 'double(double)' [-Wbuiltin-declaration-mismatch]
   49 | char floor ();
      |      ^~~~~
conftest.c:1:1: note: 'floor' is declared in header '<math.h>'
    1 | /* confdefs.h */
configure:6573: $? = 0
configure:6583: result: yes
configure:6599: checking for pow
configure:6599: gcc -o conftest -g -O2   conftest.c -lm  >&5
conftest.c:62:6: warning: conflicting types for built-in function 'pow'; expected 'double(double,  double)' [-Wbuiltin-declaration-mismatch]
   62 | char pow ();
      |      ^~~
conftest.c:54:1: note: 'pow' is declared in header '<math.h>'
   53 | #include <limits.h>
   54 | #undef pow
configure:6599: $? = 0
configure:6599: result: yes
configure:6654: checking for sqrt
configure:6654: gcc -o conftest -g -O2   conftest.c -lm  >&5
conftest.c:63:6: warning: conflicting types for built-in function 'sqrt'; expected 'double(double)' [-Wbuiltin-declaration-mismatch]
   63 | char sqrt ();
      |      ^~~~
conftest.c:55:1: note: 'sqrt' is declared in header '<math.h>'
   54 | #include <limits.h>
   55 | #undef sqrt
configure:6654: $? = 0
configure:6654: result: yes
configure:6707: checking for X
configure:6745: gcc -o conftest -g -O2   conftest.c -lX11 -lm  >&5
configure:6745: $? = 0
configure:6932: result: libraries , headers 
configure:7030: gcc -o conftest -g -O2   conftest.c -lm   -lX11 >&5
configure:7030: $? = 0
configure:7129: checking for gethostbyname
configure:7129: gcc -o conftest -g -O2   conftest.c -lm  >&5
configure:7129: $? = 0
configure:7129: result: yes
configure:7227: checking for connect
configure:7227: gcc -o conftest -g -O2   conftest.c -lm  >&5
configure:7227: $? = 0
configure:7227: result: yes
configure:7277: checking for remove
configure:7277: gcc -o conftest -g -O2   conftest.c -lm  >&5
configure:7277: $? = 0
configure:7277: result: yes
configure:7327: checking for shmat
configure:7327: gcc -o conftest -g -O2   conftest.c -lm  >&5
configure:7327: $? = 0
configure:7327: result: yes
configure:7386: checking for IceConnectionNumber in -lICE
configure:7409: gcc -o conftest -g -O2   conftest.c -lICE  -lm  >&5
configure:7409: $? = 0
configure:7419: result: yes
configure:7784: checking for pkg-config
configure:7807: found /usr/bin/pkg-config
configure:7819: result: /usr/bin/pkg-config
configure:7844: checking pkg-config is at least version 0.7
configure:7847: result: yes
configure:7857: checking for GTK+ - version >= 2.6.0
configure:7968: gcc -o conftest -g -O2 -pthread -I/usr/include/gtk-2.0 -I/usr/lib/x86_64-linux-gnu/gtk-2.0/include -I/usr/include/pango-1.0 -I/usr/include/atk-1.0 -I/usr/include/gdk-pixbuf-2.0 -I/usr/include/x86_64-linux-gnu -I/usr/include/pango-1.0 -I/usr/include/harfbuzz -I/usr/include/pango-1.0 -I/usr/include/libmount -I/usr/include/blkid -I/usr/include/fribidi -I/usr/include/cairo -I/usr/include/pixman-1 -I/usr/include/harfbuzz -I/usr/include/glib-2.0 -I/usr/lib/x86_64-linux-gnu/glib-2.0/include -I/usr/include/uuid -I/usr/include/freetype2 -I/usr/include/libpng16   conftest.c -lgtk-x11-2.0 -lgdk-x11-2.0 -lpangocairo-1.0 -latk-1.0 -lcairo -lgdk_pixbuf-2.0 -lgio-2.0 -lpangoft2-1.0 -lpango-1.0 -lgobject-2.0 -lglib-2.0 -lharfbuzz -lfontconfig -lfreetype -lm  >&5
In file included from /usr/include/gtk-2.0/gtk/gtkobject.h:37,
                 from /usr/include/gtk-2.0/gtk/gtkwidget.h:36,
                 from /usr/include/gtk-2.0/gtk/gtkcontainer.h:35,
                 from /usr/include/gtk-2.0/gtk/gtkbin.h:35,
                 from /usr/include/gtk-2.0/gtk/gtkwindow.h:36,
                 from /usr/include/gtk-2.0/gtk/gtkdialog.h:35,
                 from /usr/include/gtk-2.0/gtk/gtkaboutdialog.h:32,
                 from /usr/include/gtk-2.0/gtk/gtk.h:33,
                 from conftest.c:49:
/usr/include/gtk-2.0/gtk/gtktypeutils.h:236:1: warning: 'GTypeDebugFlags' is deprecated [-Wdeprecated-declarations]
  236 | void            gtk_type_init   (GTypeDebugFlags    debug_flags);
      | ^~~~
In file included from /usr/include/glib-2.0/gobject/gobject.h:24,
                 from /usr/include/glib-2.0/gobject/gbinding.h:29,
                 from /usr/include/glib-2.0/glib-object.h:22,
                 from /usr/include/glib-2.0/gio/gioenums.h:28,
                 from /usr/include/glib-2.0/gio/giotypes.h:28,
                 from /usr/include/glib-2.0/gio/gio.h:26,
                 from /usr/include/gtk-2.0/gdk/gdkapplaunchcontext.h:30,
                 from /usr/include/gtk-2.0/gdk/gdk.h:32,
                 from /usr/include/gtk-2.0/gtk/gtk.h:32,
                 from conftest.c:49:
/usr/include/glib-2.0/gobject/gtype.h:698:1: note: declared here
  698 | {
      | ^
In file included from /usr/include/gtk-2.0/gtk/gtktoolitem.h:31,
                 from /usr/include/gtk-2.0/gtk/gtktoolbutton.h:30,
                 from /usr/include/gtk-2.0/gtk/gtkmenutoolbutton.h:30,
                 from /usr/include/gtk-2.0/gtk/gtk.h:126,
                 from conftest.c:49:
/usr/include/gtk-2.0/gtk/gtktooltips.h:73:3: warning: 'GTimeVal' is deprecated: Use 'GDateTime' instead [-Wdeprecated-declarations]
   73 |   GTimeVal last_popdown;
      |   ^~~~~~~~
In file included from /usr/include/glib-2.0/glib/galloca.h:32,
                 from /usr/include/glib-2.0/glib.h:30,
                 from /usr/include/glib-2.0/gobject/gbinding.h:28,
                 from /usr/include/glib-2.0/glib-object.h:22,
                 from /usr/include/glib-2.0/gio/gioenums.h:28,
                 from /usr/include/glib-2.0/gio/giotypes.h:28,
                 from /usr/include/glib-2.0/gio/gio.h:26,
                 from /usr/include/gtk-2.0/gdk/gdkapplaunchcontext.h:30,
                 from /usr/include/gtk-2.0/gdk/gdk.h:32,
                 from /usr/include/gtk-2.0/gtk/gtk.h:32,
                 from conftest.c:49:
/usr/include/glib-2.0/glib/gtypes.h:553:8: note: declared here
  553 | struct _GTimeVal
      |        ^~~~~~~~~
configure:7968: $? = 0
configure:7968: ./conftest
configure:7968: $? = 0
configure:7983: result: yes (version 2.24.33)
configure:8097: checking for sdl-config
configure:8120: found /usr/bin/sdl-config
configure:8133: result: /usr/bin/sdl-config
configure:8143: checking for SDL - version >= 1.2.0
configure:8231: gcc -o conftest -g -O2 -I/usr/include/SDL -D_GNU_SOURCE=1 -D_REENTRANT   conftest.c -lm  -L/usr/lib/x86_64-linux-gnu -lSDL >&5
configure:8231: $? = 0
configure:8231: ./conftest
configure:8231: $? = 0
configure:8247: result: yes
configure:8322: checking for Mix_OpenAudio in -lSDL_mixer
configure:8345: gcc -o conftest -g -O2   conftest.c -lSDL_mixer -L/usr/lib/x86_64-linux-gnu -lSDL -lm  >&5
/usr/bin/ld: cannot find -lSDL_mixer: No such file or directory
collect2: error: ld returned 1 exit status
configure:8345: $? = 1
configure: failed program was:
| /* confdefs.h */
| #define PACKAGE_NAME "Xnp2"
| #define PACKAGE_TARNAME "xnp2"
| #define PACKAGE_VERSION "0.83-20140607"
| #define PACKAGE_STRING "Xnp2 0.83-20140607"
| #define PACKAGE_BUGREPORT "nonakap@gmail.com"
| #define PACKAGE_URL ""
| #define HAVE_STDIO_H 1
| #define HAVE_STDLIB_H 1
| #define HAVE_STRING_H 1
| #define HAVE_INTTYPES_H 1
| #define HAVE_STDINT_H 1
| #define HAVE_STRINGS_H 1
| #define HAVE_SYS_STAT_H 1
| #define HAVE_SYS_TYPES_H 1
| #define HAVE_UNISTD_H 1
| #define HAVE_SYS_TIME_H 1
| #define STDC_HEADERS 1
| #define HAVE_DIRENT_H 1
| #define HAVE_FCNTL_H 1
| #define HAVE_LIMITS_H 1
| #define HAVE_MALLOC_H 1
| #define HAVE_STDDEF_H 1
| #define HAVE_STDLIB_H 1
| #define HAVE_STRING_H 1
| #define HAVE_SYS_IOCTL_H 1
| #define HAVE_SYS_PARAM_H 1
| #define HAVE_SYS_SOCKET_H 1
| #define HAVE_SYS_TIME_H 1
| #define HAVE_TERMIOS_H 1
| #define HAVE_UNISTD_H 1
| #define TIME_WITH_SYS_TIME 1
| #define HAVE_PTRDIFF_T 1
| #define HAVE_MALLOC 1
| #define LSTAT_FOLLOWS_SLASHED_SYMLINK 1
| #define HAVE_VPRINTF 1
| #define HAVE_GETTIMEOFDAY 1
| #define HAVE_MEMSET 1
| #define HAVE_MKDIR 1
| #define HAVE_STRCASECMP 1
| #define HAVE_STRDUP 1
| #define HAVE_STRERROR 1
| #define HAVE_STRTOL 1
| #define HAVE_LIBM 1
| #define HAVE_POW 1
| #define HAVE_SQRT 1
| #define USE_GTK2 1
| #define USE_SDLAUDIO /**/
| /* end confdefs.h.  */
| 
| /* Override any GCC internal prototype to avoid an error.
|    Use char because int might match the return type of a GCC
|    builtin and then its argument prototype would still apply.  */
| char Mix_OpenAudio ();
| int
| main (void)
| {
| return Mix_OpenAudio ();
|   ;
|   return 0;
| }
configure:8355: result: no
configure:8373: checking for XextCreateExtension in -lXext
configure:8396: gcc -o conftest -g -O2    conftest.c -lXext   -lSM -lICE -lX11  -lm  >&5
configure:8396: $? = 0
configure:8406: result: yes
configure:8415: checking for X11/extensions/xf86vmode.h
configure:8415: gcc -c -g -O2   conftest.c >&5
configure:8415: $? = 0
configure:8415: result: yes
configure:8420: checking for XF86VidModeQueryExtension in -lXxf86vm
configure:8443: gcc -o conftest -g -O2    conftest.c -lXxf86vm   -lSM -lICE -lXext -lX11  -lm  >&5
configure:8443: $? = 0
configure:8453: result: yes
configure:8473: checking for nasm
configure:8494: found /usr/bin/nasm
configure:8505: result: nasm
configure:8518: checking whether to build all programs
configure:8533: result: no
configure:8536: checking whether to use IA-32 emulation
configure:8546: result: no
configure:8549: checking whether to enable debugging
configure:8558: result: no
configure:8561: checking whether to enable warning
configure:8571: result: no
configure:8574: checking whether to enable GTK+ deprecated API
configure:8582: result: yes
configure:8696: checking that generated files are newer than configure
configure:8702: result: done
configure:8738: creating ./config.status

## ---------------------- ##
## Running config.status. ##
## ---------------------- ##

This file was extended by Xnp2 config.status 0.83-20140607, which was
generated by GNU Autoconf 2.71.  Invocation command line was

  CONFIG_FILES    = 
  CONFIG_HEADERS  = 
  CONFIG_LINKS    = 
  CONFIG_COMMANDS = 
  $ ./config.status 

on peter-nitro

config.status:916: creating Makefile
config.status:916: creating config.h
config.status:1145: executing depfiles commands

## ---------------- ##
## Cache variables. ##
## ---------------- ##

ac_cv_build=x86_64-pc-linux-gnu
ac_cv_c_bigendian=no
ac_cv_c_char_unsigned=no
ac_cv_c_compiler_gnu=yes
ac_cv_c_const=yes
ac_cv_c_inline=inline
ac_cv_c_volatile=yes
ac_cv_env_CC_set=
ac_cv_env_CC_value=
ac_cv_env_CFLAGS_set=
ac_cv_env_CFLAGS_value=
ac_cv_env_CPPFLAGS_set=
ac_cv_env_CPPFLAGS_value=
ac_cv_env_CPP_set=
ac_cv_env_CPP_value=
ac_cv_env_LDFLAGS_set=
ac_cv_env_LDFLAGS_value=
ac_cv_env_LIBS_set=
ac_cv_env_LIBS_value=
ac_cv_env_PKG_CONFIG_LIBDIR_set=
ac_cv_env_PKG_CONFIG_LIBDIR_value=
ac_cv_env_PKG_CONFIG_PATH_set=
ac_cv_env_PKG_CONFIG_PATH_value=
ac_cv_env_PKG_CONFIG_set=
ac_cv_env_PKG_CONFIG_value=
ac_cv_env_XMKMF_set=
ac_cv_env_XMKMF_value=
ac_cv_env_X_CFLAGS_set=
ac_cv_env_X_CFLAGS_value=
ac_cv_env_X_LIBS_set=
ac_cv_env_X_LIBS_value=
ac_cv_env_build_alias_set=
ac_cv_env_build_alias_value=
ac_cv_env_host_alias_set=
ac_cv_env_host_alias_value=
ac_cv_env_target_alias_set=
ac_cv_env_target_alias_value=
ac_cv_func_closedir_void=no
ac_cv_func_connect=yes
ac_cv_func_floor=no
ac_cv_func_gethostbyname=yes
ac_cv_func_gettimeofday=yes
ac_cv_func_lstat_dereferences_slashed_symlink=yes
ac_cv_func_malloc_0_nonnull=yes
ac_cv_func_memcmp_working=yes
ac_cv_func_memset=yes
ac_cv_func_mkdir=yes
ac_cv_func_pow=yes
ac_cv_func_remove=yes
ac_cv_func_shmat=yes
ac_cv_func_sqrt=yes
ac_cv_func_stat_empty_string_bug=no
ac_cv_func_strcasecmp=yes
ac_cv_func_strdup=yes
ac_cv_func_strerror=yes
ac_cv_func_strtol=yes
ac_cv_func_vprintf=yes
ac_cv_have_x='have_x=yes	ac_x_includes='\'''\''	ac_x_libraries='\'''\'''
ac_cv_header_X11_extensions_xf86vmode_h=yes
ac_cv_header_dirent_dirent_h=yes
ac_cv_header_fcntl_h=yes
ac_cv_header_inttypes_h=yes
ac_cv_header_limits_h=yes
ac_cv_header_malloc_h=yes
ac_cv_header_stddef_h=yes
ac_cv_header_stdint_h=yes
ac_cv_header_stdio_h=yes
ac_cv_header_stdlib_h=yes
ac_cv_header_string_h=yes
ac_cv_header_strings_h=yes
ac_cv_header_sys_ioctl_h=yes
ac_cv_header_sys_param_h=yes
ac_cv_header_sys_socket_h=yes
ac_cv_header_sys_stat_h=yes
ac_cv_header_sys_time_h=yes
ac_cv_header_sys_types_h=yes
ac_cv_header_termios_h=yes
ac_cv_header_unistd_h=yes
ac_cv_host=x86_64-pc-linux-gnu
ac_cv_lib_ICE_IceConnectionNumber=yes
ac_cv_lib_SDL_mixer_Mix_OpenAudio=no
ac_cv_lib_Xext_XextCreateExtension=yes
ac_cv_lib_Xxf86vm_XF86VidModeQueryExtension=yes
ac_cv_lib_m_floor=yes
ac_cv_objext=o
ac_cv_path_EGREP='/usr/bin/grep -E'
ac_cv_path_GREP=/usr/bin/grep
ac_cv_path_SDL_CONFIG=/usr/bin/sdl-config
ac_cv_path_ac_pt_PKG_CONFIG=/usr/bin/pkg-config
ac_cv_path_install='/usr/bin/install -c'
ac_cv_path_mkdir=/usr/bin/mkdir
ac_cv_prog_AWK=gawk
ac_cv_prog_CPP='gcc -E'
ac_cv_prog_ac_ct_CC=gcc
ac_cv_prog_ac_ct_RANLIB=ranlib
ac_cv_prog_cc_c11=
ac_cv_prog_cc_g=yes
ac_cv_prog_cc_stdc=
ac_cv_prog_gcc_traditional=no
ac_cv_prog_make_make_set=yes
ac_cv_prog_nasm=nasm
ac_cv_save_cflags='-g -O2'
ac_cv_search_opendir='none required'
ac_cv_struct_tm=time.h
ac_cv_sys_file_offset_bits=no
ac_cv_sys_largefile_CC=no
ac_cv_type_ptrdiff_t=yes
ac_cv_type_size_t=yes
ac_cv_type_ssize_t=yes
am_cv_CC_dependencies_compiler_type=none
am_cv_make_support_nested_variables=yes
am_cv_prog_cc_c_o=yes

## ----------------- ##
## Output variables. ##
## ----------------- ##

ACLOCAL='${SHELL} '\''/home/peter/Documentos/xnp2/x11/missing'\'' aclocal-1.16'
AMDEPBACKSLASH='\'
AMDEP_FALSE='#'
AMDEP_TRUE=''
AMTAR='$${TAR-tar}'
AM_BACKSLASH='\'
AM_DEFAULT_V='$(AM_DEFAULT_VERBOSITY)'
AM_DEFAULT_VERBOSITY='1'
AM_V='$(V)'
AUTOCONF='${SHELL} '\''/home/peter/Documentos/xnp2/x11/missing'\'' autoconf'
AUTOHEADER='${SHELL} '\''/home/peter/Documentos/xnp2/x11/missing'\'' autoheader'
AUTOMAKE='${SHELL} '\''/home/peter/Documentos/xnp2/x11/missing'\'' automake-1.16'
AWK='gawk'
BUILD_ALL_FALSE=''
BUILD_ALL_TRUE='#'
CC='gcc'
CCDEPMODE='depmode=none'
CFLAGS='-g -O2 -DNDEBUG'
CPP='gcc -E'
CPPFLAGS=''
CPUCORE_IA32_FALSE=''
CPUCORE_IA32_TRUE='#'
CSCOPE='cscope'
CTAGS='ctags'
CYGPATH_W='echo'
DEFS='-DHAVE_CONFIG_H'
DEPDIR='.deps'
ECHO_C=''
ECHO_N='-n'
ECHO_T=''
EGREP='/usr/bin/grep -E'
ETAGS='etags'
EXEEXT=''
GREP='/usr/bin/grep'
GTK_CFLAGS='-pthread -I/usr/include/gtk-2.0 -I/usr/lib/x86_64-linux-gnu/gtk-2.0/include -I/usr/include/pango-1.0 -I/usr/include/atk-1.0 -I/usr/include/gdk-pixbuf-2.0 -I/usr/include/x86_64-linux-gnu -I/usr/include/pango-1.0 -I/usr/include/harfbuzz -I/usr/include/pango-1.0 -I/usr/include/libmount -I/usr/include/blkid -I/usr/include/fribidi -I/usr/include/cairo -I/usr/include/pixman-1 -I/usr/include/harfbuzz -I/usr/include/glib-2.0 -I/usr/lib/x86_64-linux-gnu/glib-2.0/include -I/usr/include/uuid -I/usr/include/freetype2 -I/usr/include/libpng16'
GTK_LIBS='-lgtk-x11-2.0 -lgdk-x11-2.0 -lpangocairo-1.0 -latk-1.0 -lcairo -lgdk_pixbuf-2.0 -lgio-2.0 -lpangoft2-1.0 -lpango-1.0 -lgobject-2.0 -lglib-2.0 -lharfbuzz -lfontconfig -lfreetype'
HAVE_GCC_FALSE='#'
HAVE_GCC_TRUE=''
INSTALL_DATA='${INSTALL} -m 644'
INSTALL_PROGRAM='${INSTALL}'
INSTALL_SCRIPT='${INSTALL}'
INSTALL_STRIP_PROGRAM='$(install_sh) -c -s'
LDFLAGS=''
LIBOBJS=''
LIBS='-lm '
LN_S='ln -s'
LTLIBOBJS=''
MAKEINFO='${SHELL} '\''/home/peter/Documentos/xnp2/x11/missing'\'' makeinfo'
MKDIR_P='/usr/bin/mkdir -p'
OBJEXT='o'
PACKAGE='xnp2'
PACKAGE_BUGREPORT='nonakap@gmail.com'
PACKAGE_NAME='Xnp2'
PACKAGE_STRING='Xnp2 0.83-20140607'
PACKAGE_TARNAME='xnp2'
PACKAGE_URL=''
PACKAGE_VERSION='0.83-20140607'
PATH_SEPARATOR=':'
PKG_CONFIG='/usr/bin/pkg-config'
PKG_CONFIG_LIBDIR=''
PKG_CONFIG_PATH=''
RANLIB='ranlib'
SDL_CFLAGS='-I/usr/include/SDL -D_GNU_SOURCE=1 -D_REENTRANT'
SDL_CONFIG='/usr/bin/sdl-config'
SDL_LIBS='-L/usr/lib/x86_64-linux-gnu -lSDL'
SET_MAKE=''
SHELL='/bin/bash'
STRIP=''
VERSION='0.83-20140607'
XLIB='-lXext -lX11'
XMKMF=''
X_CFLAGS=''
X_EXTRA_LIBS=''
X_LIBS=''
X_PRE_LIBS=' -lSM -lICE -lXxf86vm'
ac_ct_CC='gcc'
am__EXEEXT_FALSE=''
am__EXEEXT_TRUE='#'
am__fastdepCC_FALSE=''
am__fastdepCC_TRUE='#'
am__include='include'
am__isrc=''
am__leading_dot='.'
am__nodep='_no'
am__quote=''
am__tar='$${TAR-tar} chof - "$$tardir"'
am__untar='$${TAR-tar} xf -'
bindir='${exec_prefix}/bin'
build='x86_64-pc-linux-gnu'
build_alias=''
build_cpu='x86_64'
build_os='linux-gnu'
build_vendor='pc'
datadir='${datarootdir}'
datarootdir='${prefix}/share'
docdir='${datarootdir}/doc/${PACKAGE_TARNAME}'
dvidir='${docdir}'
exec_prefix='${prefix}'
host='x86_64-pc-linux-gnu'
host_alias=''
host_cpu='x86_64'
host_os='linux-gnu'
host_vendor='pc'
htmldir='${docdir}'
includedir='${prefix}/include'
infodir='${datarootdir}/info'
install_sh='${SHELL} /home/peter/Documentos/xnp2/x11/install-sh'
libdir='${exec_prefix}/lib'
libexecdir='${exec_prefix}/libexec'
localedir='${datarootdir}/locale'
localstatedir='${prefix}/var'
mandir='${datarootdir}/man'
mkdir_p='$(MKDIR_P)'
nasm='nasm'
oldincludedir='/usr/include'
pdfdir='${docdir}'
prefix='/usr/local'
program_transform_name='s,x,x,'
psdir='${docdir}'
runstatedir='${localstatedir}/run'
sbindir='${exec_prefix}/sbin'
sharedstatedir='${prefix}/com'
sysconfdir='${prefix}/etc'
target_alias=''

## ----------- ##
## confdefs.h. ##
## ----------- ##

/* confdefs.h */
#define PACKAGE_NAME "Xnp2"
#define PACKAGE_TARNAME "xnp2"
#define PACKAGE_VERSION "0.83-20140607"
#define PACKAGE_STRING "Xnp2 0.83-20140607"
#define PACKAGE_BUGREPORT "nonakap@gmail.com"
#define PACKAGE_URL ""
#define HAVE_STDIO_H 1
#define HAVE_STDLIB_H 1
#define HAVE_STRING_H 1
#define HAVE_INTTYPES_H 1
#define HAVE_STDINT_H 1
#define HAVE_STRINGS_H 1
#define HAVE_SYS_STAT_H 1
#define HAVE_SYS_TYPES_H 1
#define HAVE_UNISTD_H 1
#define HAVE_SYS_TIME_H 1
#define STDC_HEADERS 1
#define HAVE_DIRENT_H 1
#define HAVE_FCNTL_H 1
#define HAVE_LIMITS_H 1
#define HAVE_MALLOC_H 1
#define HAVE_STDDEF_H 1
#define HAVE_STDLIB_H 1
#define HAVE_STRING_H 1
#define HAVE_SYS_IOCTL_H 1
#define HAVE_SYS_PARAM_H 1
#define HAVE_SYS_SOCKET_H 1
#define HAVE_SYS_TIME_H 1
#define HAVE_TERMIOS_H 1
#define HAVE_UNISTD_H 1
#define TIME_WITH_SYS_TIME 1
#define HAVE_PTRDIFF_T 1
#define HAVE_MALLOC 1
#define LSTAT_FOLLOWS_SLASHED_SYMLINK 1
#define HAVE_VPRINTF 1
#define HAVE_GETTIMEOFDAY 1
#define HAVE_MEMSET 1
#define HAVE_MKDIR 1
#define HAVE_STRCASECMP 1
#define HAVE_STRDUP 1
#define HAVE_STRERROR 1
#define HAVE_STRTOL 1
#define HAVE_LIBM 1
#define HAVE_POW 1
#define HAVE_SQRT 1
#define USE_GTK2 1
#define USE_SDLAUDIO /**/
#define HAVE_X11_EXTENSIONS_XF86VMODE_H 1
#define HAVE_XF86VIDMODE 1
#define NP2VER_X11 "-20140607"

configure: exit 0
